{"total": {"lines":{"total":61,"covered":41,"skipped":0,"pct":67.21},"statements":{"total":67,"covered":44,"skipped":0,"pct":65.67},"functions":{"total":29,"covered":13,"skipped":0,"pct":44.82},"branches":{"total":94,"covered":29,"skipped":0,"pct":30.85},"branchesTrue":{"total":0,"covered":0,"skipped":0,"pct":"Unknown"}}
,"/Users/tanziminfinity/Strangr-Codex-v1/packages/ui/src/index.tsx": {"lines":{"total":61,"covered":41,"skipped":0,"pct":67.21},"functions":{"total":29,"covered":13,"skipped":0,"pct":44.82},"statements":{"total":67,"covered":44,"skipped":0,"pct":65.67},"branches":{"total":94,"covered":29,"skipped":0,"pct":30.85}}
}
